[debug] [2023-06-27T04:01:32.720Z] ----------------------------------------------------------------------
[debug] [2023-06-27T04:01:32.726Z] Command:       /usr/local/bin/node /usr/local/bin/firebase deploy
[debug] [2023-06-27T04:01:32.727Z] CLI Version:   12.4.0
[debug] [2023-06-27T04:01:32.727Z] Platform:      darwin
[debug] [2023-06-27T04:01:32.727Z] Node Version:  v16.14.0
[debug] [2023-06-27T04:01:32.741Z] Time:          Mon Jun 26 2023 21:01:32 GMT-0700 (Pacific Daylight Time)
[debug] [2023-06-27T04:01:32.742Z] ----------------------------------------------------------------------
[debug] 
[debug] [2023-06-27T04:01:32.747Z] >>> [apiv2][query] GET https://firebase-public.firebaseio.com/cli.json [none]
[debug] [2023-06-27T04:01:32.907Z] > command requires scopes: ["email","openid","https://www.googleapis.com/auth/cloudplatformprojects.readonly","https://www.googleapis.com/auth/firebase","https://www.googleapis.com/auth/cloud-platform"]
[debug] [2023-06-27T04:01:32.907Z] > authorizing via signed-in user (timoffex@gmail.com)
[debug] [2023-06-27T04:01:32.907Z] [iam] checking project reshma-portfolio for permissions ["firebase.projects.get","firebasehosting.sites.update"]
[debug] [2023-06-27T04:01:32.909Z] > refreshing access token with scopes: []
[debug] [2023-06-27T04:01:32.911Z] >>> [apiv2][query] POST https://www.googleapis.com/oauth2/v3/token [none]
[debug] [2023-06-27T04:01:32.911Z] >>> [apiv2][body] POST https://www.googleapis.com/oauth2/v3/token [omitted]
[debug] [2023-06-27T04:01:33.255Z] <<< [apiv2][status] GET https://firebase-public.firebaseio.com/cli.json 200
[debug] [2023-06-27T04:01:33.255Z] <<< [apiv2][body] GET https://firebase-public.firebaseio.com/cli.json {"cloudBuildErrorAfter":1594252800000,"cloudBuildWarnAfter":1590019200000,"defaultNode10After":1594252800000,"minVersion":"3.0.5","node8DeploysDisabledAfter":1613390400000,"node8RuntimeDisabledAfter":1615809600000,"node8WarnAfter":1600128000000}
[debug] [2023-06-27T04:01:34.103Z] <<< [apiv2][status] POST https://www.googleapis.com/oauth2/v3/token 200
[debug] [2023-06-27T04:01:34.103Z] <<< [apiv2][body] POST https://www.googleapis.com/oauth2/v3/token [omitted]
[debug] [2023-06-27T04:01:34.135Z] >>> [apiv2][query] POST https://cloudresourcemanager.googleapis.com/v1/projects/reshma-portfolio:testIamPermissions [none]
[debug] [2023-06-27T04:01:34.135Z] >>> [apiv2][(partial)header] POST https://cloudresourcemanager.googleapis.com/v1/projects/reshma-portfolio:testIamPermissions x-goog-quota-user=projects/reshma-portfolio
[debug] [2023-06-27T04:01:34.135Z] >>> [apiv2][body] POST https://cloudresourcemanager.googleapis.com/v1/projects/reshma-portfolio:testIamPermissions {"permissions":["firebase.projects.get","firebasehosting.sites.update"]}
[debug] [2023-06-27T04:01:34.574Z] <<< [apiv2][status] POST https://cloudresourcemanager.googleapis.com/v1/projects/reshma-portfolio:testIamPermissions 200
[debug] [2023-06-27T04:01:34.574Z] <<< [apiv2][body] POST https://cloudresourcemanager.googleapis.com/v1/projects/reshma-portfolio:testIamPermissions {"permissions":["firebase.projects.get","firebasehosting.sites.update"]}
[debug] [2023-06-27T04:01:34.576Z] >>> [apiv2][query] GET https://firebase.googleapis.com/v1beta1/projects/reshma-portfolio [none]
[debug] [2023-06-27T04:01:34.985Z] <<< [apiv2][status] GET https://firebase.googleapis.com/v1beta1/projects/reshma-portfolio 200
[debug] [2023-06-27T04:01:34.985Z] <<< [apiv2][body] GET https://firebase.googleapis.com/v1beta1/projects/reshma-portfolio {"projectId":"reshma-portfolio","projectNumber":"944553951580","displayName":"reshma-portfolio","name":"projects/reshma-portfolio","resources":{"hostingSite":"reshma-portfolio"},"state":"ACTIVE","etag":"1_72a70b96-6fa3-4a53-a0e0-b51d353c89ff"}
[info] 
[info] === Deploying to 'reshma-portfolio'...
[info] 
[info] i  deploying hosting 
[debug] [2023-06-27T04:01:34.998Z] >>> [apiv2][query] POST https://firebasehosting.googleapis.com/v1beta1/projects/-/sites/reshma-portfolio/versions [none]
[debug] [2023-06-27T04:01:34.998Z] >>> [apiv2][body] POST https://firebasehosting.googleapis.com/v1beta1/projects/-/sites/reshma-portfolio/versions {"status":"CREATED","labels":{"deployment-tool":"cli-firebase"}}
[debug] [2023-06-27T04:01:35.825Z] <<< [apiv2][status] POST https://firebasehosting.googleapis.com/v1beta1/projects/-/sites/reshma-portfolio/versions 200
[debug] [2023-06-27T04:01:35.826Z] <<< [apiv2][body] POST https://firebasehosting.googleapis.com/v1beta1/projects/-/sites/reshma-portfolio/versions {"name":"projects/944553951580/sites/reshma-portfolio/versions/dc4a001b68653eb5","status":"CREATED","config":{},"labels":{"deployment-tool":"cli-firebase"}}
[info] i  hosting[reshma-portfolio]: beginning deploy... 
[info] i  hosting[reshma-portfolio]: found 172 files in build 
[debug] [2023-06-27T04:01:35.867Z] [hosting] uploading with 200 concurrency
